<?xml version="1.0" encoding="UTF-8"?>
<!-- Generated by org.testng.reporters.JUnitXMLReporter -->
<testsuite hostname="SAT-DUL-RUSSELL" name="DM - Regression Test" tests="17" failures="5" timestamp="11 Jun 2015 14:11:01 GMT" time="161.928" errors="0">
  <testcase name="Login_User_1" time="17.17" classname="bst.cpo.automation.dm.tests.RussTest"/>
  <testcase name="Navigation_Test" time="11.912" classname="bst.cpo.automation.dm.tests.RussTest"/>
  <testcase name="Recently_UpdatedDocs_Test" time="2.422" classname="bst.cpo.automation.dm.tests.RussTest"/>
  <testcase name="Recently_UpdatedFolder_Test" time="1.872" classname="bst.cpo.automation.dm.tests.RussTest"/>
  <testcase name="Recently_UpdatedOther_Test" time="1.881" classname="bst.cpo.automation.dm.tests.RussTest"/>
  <testcase name="Recently_Updated_Test" time="4.247" classname="bst.cpo.automation.dm.tests.RussTest"/>
  <testcase name="Sync_Computers" time="8.167" classname="bst.cpo.automation.dm.tests.RussTest">
    <failure type="java.lang.AssertionError" message="null">
      <![CDATA[java.lang.AssertionError: null
	at bst.cpo.automation.dm.tests.RussTest.Sync_Computers(RussTest.java:629)
... Removed 26 stack frames]]>
    </failure>
  </testcase> <!-- Sync_Computers -->
  <testcase name="User" time="11.664" classname="bst.cpo.automation.dm.tests.RussTest">
    <failure type="java.lang.AssertionError" message="null">
      <![CDATA[java.lang.AssertionError: null
	at bst.cpo.automation.dm.actions.User_Actions.Search_For_User(User_Actions.java:63)
	at bst.cpo.automation.dm.tests.RussTest.User(RussTest.java:704)
... Removed 26 stack frames]]>
    </failure>
  </testcase> <!-- User -->
  <testcase name="My_Profile" time="5.602" classname="bst.cpo.automation.dm.tests.RussTest"/>
  <testcase name="My_Log" time="11.287" classname="bst.cpo.automation.dm.tests.RussTest"/>
  <testcase name="MyDocsTrash" time="2.507" classname="bst.cpo.automation.dm.tests.RussTest">
    <failure type="java.lang.AssertionError" message="null">
      <![CDATA[java.lang.AssertionError: null
	at bst.cpo.automation.dm.tests.RussTest.MyDocsTrash(RussTest.java:871)
... Removed 26 stack frames]]>
    </failure>
  </testcase> <!-- MyDocsTrash -->
  <testcase name="Add_Folder" time="12.338" classname="bst.cpo.automation.dm.tests.RussTest"/>
  <testcase name="Send_Link" time="9.818" classname="bst.cpo.automation.dm.tests.RussTest">
    <failure type="java.lang.AssertionError" message="null">
      <![CDATA[java.lang.AssertionError: null
	at bst.cpo.automation.dm.tests.RussTest.Send_Link(RussTest.java:945)
... Removed 26 stack frames]]>
    </failure>
  </testcase> <!-- Send_Link -->
  <testcase name="Capture_Msg" time="25.654" classname="bst.cpo.automation.dm.tests.RussTest"/>
  <testcase name="Simple_Search" time="2.686" classname="bst.cpo.automation.dm.tests.RussTest"/>
  <testcase name="Advanced_Search" time="15.83" classname="bst.cpo.automation.dm.tests.RussTest"/>
  <testcase name="Info" time="10.949" classname="bst.cpo.automation.dm.tests.RussTest">
    <failure type="java.lang.AssertionError" message="null">
      <![CDATA[java.lang.AssertionError: null
	at bst.cpo.automation.dm.tests.RussTest.Info(RussTest.java:1271)
... Removed 26 stack frames]]>
    </failure>
  </testcase> <!-- Info -->
</testsuite> <!-- DM - Regression Test -->
