<?xml version="1.0" encoding="UTF-8"?>
<!-- Generated by org.testng.reporters.JUnitXMLReporter -->
<testsuite hostname="SAT-DUL-RUSSELL" name="DM - Smoke Test" tests="47" failures="1" timestamp="17 Jun 2015 20:26:44 GMT" time="54.002" errors="0">
  <testcase name="Add_Description_File" time="0.002" classname="bst.cpo.automation.dm.tests.SmokeTest"/>
  <testcase name="Add_Description_Folder" time="0.001" classname="bst.cpo.automation.dm.tests.SmokeTest"/>
  <testcase name="Add_Folders" time="0.001" classname="bst.cpo.automation.dm.tests.SmokeTest"/>
  <testcase name="Add_Note_File" time="0.003" classname="bst.cpo.automation.dm.tests.SmokeTest"/>
  <testcase name="Add_Note_Folder" time="0.001" classname="bst.cpo.automation.dm.tests.SmokeTest"/>
  <testcase name="Bad_Login" time="4.893" classname="bst.cpo.automation.dm.tests.SmokeTest"/>
  <testcase name="Copy_File" time="0.0" classname="bst.cpo.automation.dm.tests.SmokeTest"/>
  <testcase name="Copy_Folder" time="0.0" classname="bst.cpo.automation.dm.tests.SmokeTest"/>
  <testcase name="Create_Group" time="0.0" classname="bst.cpo.automation.dm.tests.SmokeTest"/>
  <testcase name="Create_Group_With_Sub_Group" time="0.0" classname="bst.cpo.automation.dm.tests.SmokeTest"/>
  <testcase name="Dashboard_Expand_Collapse_Gadgets" time="0.0" classname="bst.cpo.automation.dm.tests.SmokeTest"/>
  <testcase name="Delete_File_Trash" time="0.0" classname="bst.cpo.automation.dm.tests.SmokeTest"/>
  <testcase name="Delete_Guest_Folder_File" time="0.0" classname="bst.cpo.automation.dm.tests.SmokeTest"/>
  <testcase name="Delete_Guest_Folder_Folder" time="0.001" classname="bst.cpo.automation.dm.tests.SmokeTest"/>
  <testcase name="File_History" time="0.001" classname="bst.cpo.automation.dm.tests.SmokeTest"/>
  <testcase name="File_Summary" time="0.0" classname="bst.cpo.automation.dm.tests.SmokeTest"/>
  <testcase name="Folder_History" time="0.0" classname="bst.cpo.automation.dm.tests.SmokeTest"/>
  <testcase name="Folder_Summary" time="0.0" classname="bst.cpo.automation.dm.tests.SmokeTest"/>
  <testcase name="Good_Login" time="23.071" classname="bst.cpo.automation.dm.tests.SmokeTest"/>
  <testcase name="Guest_Folder_Contents" time="0.0" classname="bst.cpo.automation.dm.tests.SmokeTest"/>
  <testcase name="Help_Footer_Link" time="3.072" classname="bst.cpo.automation.dm.tests.SmokeTest"/>
  <testcase name="Help_Main_Nav" time="3.073" classname="bst.cpo.automation.dm.tests.SmokeTest"/>
  <testcase name="Image_File_Rotate" time="0.0" classname="bst.cpo.automation.dm.tests.SmokeTest"/>
  <testcase name="Image_File_Thumbnail" time="0.0" classname="bst.cpo.automation.dm.tests.SmokeTest"/>
  <testcase name="Move_File" time="0.001" classname="bst.cpo.automation.dm.tests.SmokeTest"/>
  <testcase name="Move_Folder" time="0.001" classname="bst.cpo.automation.dm.tests.SmokeTest"/>
  <testcase name="My_Docs_Contents" time="0.001" classname="bst.cpo.automation.dm.tests.SmokeTest"/>
  <testcase name="Privacy_Footer_Link" time="3.213" classname="bst.cpo.automation.dm.tests.SmokeTest"/>
  <testcase name="Rename_Folder" time="0.0" classname="bst.cpo.automation.dm.tests.SmokeTest"/>
  <testcase name="Restore_Folder" time="0.0" classname="bst.cpo.automation.dm.tests.SmokeTest"/>
  <testcase name="Revert_File" time="0.0" classname="bst.cpo.automation.dm.tests.SmokeTest"/>
  <testcase name="Search_Image_File_Word" time="0.0" classname="bst.cpo.automation.dm.tests.SmokeTest"/>
  <testcase name="Search_Text_File_Word" time="0.001" classname="bst.cpo.automation.dm.tests.SmokeTest"/>
  <testcase name="Search_User" time="0.001" classname="bst.cpo.automation.dm.tests.SmokeTest"/>
  <testcase name="Send_Link" time="0.001" classname="bst.cpo.automation.dm.tests.SmokeTest"/>
  <testcase name="Sign_Out" time="5.344" classname="bst.cpo.automation.dm.tests.SmokeTest"/>
  <testcase name="Subscribe_File_Notifications" time="0.0" classname="bst.cpo.automation.dm.tests.SmokeTest"/>
  <testcase name="Subscribe_My_Docs_Notifications" time="0.0" classname="bst.cpo.automation.dm.tests.SmokeTest"/>
  <testcase name="Terms_Footer_Link" time="7.12" classname="bst.cpo.automation.dm.tests.SmokeTest">
    <failure type="java.lang.AssertionError" message="null">
      <![CDATA[java.lang.AssertionError: null
	at bst.cpo.automation.dm.tests.SmokeTest.Terms_Footer_Link(SmokeTest.java:179)
... Removed 26 stack frames]]>
    </failure>
  </testcase> <!-- Terms_Footer_Link -->
  <testcase name="Tree_View_Layout" time="0.001" classname="bst.cpo.automation.dm.tests.SmokeTest"/>
  <testcase name="Unsubscribe_File_Notifications" time="0.0" classname="bst.cpo.automation.dm.tests.SmokeTest"/>
  <testcase name="Unsubscribe_My_Docs_Notifications" time="0.0" classname="bst.cpo.automation.dm.tests.SmokeTest"/>
  <testcase name="Update_File_Meta_Data" time="0.0" classname="bst.cpo.automation.dm.tests.SmokeTest"/>
  <testcase name="Update_Group_Description" time="0.0" classname="bst.cpo.automation.dm.tests.SmokeTest"/>
  <testcase name="Upload_File_Meta_Data" time="0.0" classname="bst.cpo.automation.dm.tests.SmokeTest"/>
  <testcase name="Upload_Image" time="0.0" classname="bst.cpo.automation.dm.tests.SmokeTest"/>
  <testcase name="Upload_Revised_File" time="0.001" classname="bst.cpo.automation.dm.tests.SmokeTest"/>
</testsuite> <!-- DM - Smoke Test -->
