<html>
<head>
<title>TestNG:  DM - Regression Test</title>
<link href="../testng.css" rel="stylesheet" type="text/css" />
<link href="../my-testng.css" rel="stylesheet" type="text/css" />

<style type="text/css">
.log { display: none;} 
.stack-trace { display: none;} 
</style>
<script type="text/javascript">
<!--
function flip(e) {
  current = e.style.display;
  if (current == 'block') {
    e.style.display = 'none';
    return 0;
  }
  else {
    e.style.display = 'block';
    return 1;
  }
}

function toggleBox(szDivId, elem, msg1, msg2)
{
  var res = -1;  if (document.getElementById) {
    res = flip(document.getElementById(szDivId));
  }
  else if (document.all) {
    // this is the way old msie versions work
    res = flip(document.all[szDivId]);
  }
  if(elem) {
    if(res == 0) elem.innerHTML = msg1; else elem.innerHTML = msg2;
  }

}

function toggleAllBoxes() {
  if (document.getElementsByTagName) {
    d = document.getElementsByTagName('div');
    for (i = 0; i < d.length; i++) {
      if (d[i].className == 'log') {
        flip(d[i]);
      }
    }
  }
}

// -->
</script>

</head>
<body>
<h2 align='center'>DM - Regression Test</h2><table border='1' align="center">
<tr>
<td>Tests passed/Failed/Skipped:</td><td>12/5/0</td>
</tr><tr>
<td>Started on:</td><td>Thu Jun 11 09:08:19 CDT 2015</td>
</tr>
<tr><td>Total time:</td><td>161 seconds (161928 ms)</td>
</tr><tr>
<td>Included groups:</td><td></td>
</tr><tr>
<td>Excluded groups:</td><td></td>
</tr>
</table><p/>
<small><i>(Hover the method name to see the test class name)</i></small><p/>
<table width='100%' border='1' class='invocation-failed'>
<tr><td colspan='4' align='center'><b>FAILED TESTS</b></td></tr>
<tr><td><b>Test method</b></td>
<td width="30%"><b>Exception</b></td>
<td width="10%"><b>Time (seconds)</b></td>
<td><b>Instance</b></td>
</tr>
<tr>
<td title='bst.cpo.automation.dm.tests.RussTest.Info()'><b>Info</b><br>Test class: bst.cpo.automation.dm.tests.RussTest<br/>
<a href="#Output-1309795768" onClick='toggleBox("Output-1309795768", this, "Show output", "Hide output");'>Show output</a>

<a href="#Output-1309795768" onClick="toggleAllBoxes();">Show all outputs</a>
<div class='log' id="Output-1309795768">
Nav Tree Header = 'Advanced search'<br/>
Nav: My Docs<br/>
Nav Tree Header = 'My docs'<br/>
Info Panel displayed =false<br/>
Did not find 'Tulips.jpg'.  It may be on another page or does not exist.<br/>
WARNING: Info_Link_Click called for 'Tulips.jpg', but table row not found.  May not exist, or is on another page.<br/>
Info Panel displayed =false<br/>
Info panel header File/Folder = <br/>
Clicking the 'Edit' icon<br/>
Exception during test occurred : Unable to locate element: {"method":"class name","selector":"file-commands"}
Command duration or timeout: 7.14 seconds
For documentation on this error, please visit: http://seleniumhq.org/exceptions/no_such_element.html
Build info: version: '2.45.0', revision: '5017cb8e7ca8e37638dc3091b2440b90a1d8686f', time: '2015-02-27 09:10:26'
System info: host: 'SAT-DUL-RUSSELL', ip: '169.254.22.248', os.name: 'Windows 7', os.arch: 'amd64', os.version: '6.1', java.version: '1.7.0_71'
*** Element info: {Using=class name, value=file-commands}
Session ID: 87562804-71ee-486a-9147-f23cb434974f
Driver info: org.openqa.selenium.firefox.FirefoxDriver
Capabilities [{platform=WINDOWS, acceptSslCerts=true, javascriptEnabled=true, cssSelectorsEnabled=true, databaseEnabled=true, browserName=firefox, handlesAlerts=true, nativeEvents=true, webStorageEnabled=true, rotatable=false, locationContextEnabled=true, applicationCacheEnabled=true, takesScreenshot=true, version=34.0.5}]<br/>
<br> <img src=screenshots\FAIL_Thu_Jun_11_09-11-01_CDT_2015_DM_QA2-Firefox.png /> <br><br/>
</div>
</td>
<td><div><pre>java.lang.AssertionError: null
	at bst.cpo.automation.dm.tests.RussTest.Info(RussTest.java:1271)
... Removed 26 stack frames</pre></div><a href='#' onClick='toggleBox("stack-trace1309795768", this, "Click to show all stack frames", "Click to hide stack frames")'>Click to show all stack frames</a>
<div class='stack-trace' id='stack-trace1309795768'><pre>java.lang.AssertionError: null
	at org.testng.Assert.fail(Assert.java:94)
	at org.testng.Assert.fail(Assert.java:101)
	at bst.cpo.automation.dm.tests.RussTest.Info(RussTest.java:1271)
	at sun.reflect.NativeMethodAccessorImpl.invoke0(Native Method)
	at sun.reflect.NativeMethodAccessorImpl.invoke(NativeMethodAccessorImpl.java:57)
	at sun.reflect.DelegatingMethodAccessorImpl.invoke(DelegatingMethodAccessorImpl.java:43)
	at java.lang.reflect.Method.invoke(Method.java:606)
	at org.testng.internal.MethodInvocationHelper.invokeMethod(MethodInvocationHelper.java:84)
	at org.testng.internal.Invoker.invokeMethod(Invoker.java:714)
	at org.testng.internal.Invoker.invokeTestMethod(Invoker.java:901)
	at org.testng.internal.Invoker.invokeTestMethods(Invoker.java:1231)
	at org.testng.internal.TestMethodWorker.invokeTestMethods(TestMethodWorker.java:127)
	at org.testng.internal.TestMethodWorker.run(TestMethodWorker.java:111)
	at org.testng.TestRunner.privateRun(TestRunner.java:767)
	at org.testng.TestRunner.run(TestRunner.java:617)
	at org.testng.SuiteRunner.runTest(SuiteRunner.java:334)
	at org.testng.SuiteRunner.runSequentially(SuiteRunner.java:329)
	at org.testng.SuiteRunner.privateRun(SuiteRunner.java:291)
	at org.testng.SuiteRunner.run(SuiteRunner.java:240)
	at org.testng.SuiteRunnerWorker.runSuite(SuiteRunnerWorker.java:52)
	at org.testng.SuiteRunnerWorker.run(SuiteRunnerWorker.java:86)
	at org.testng.TestNG.runSuitesSequentially(TestNG.java:1224)
	at org.testng.TestNG.runSuitesLocally(TestNG.java:1149)
	at org.testng.TestNG.run(TestNG.java:1057)
	at org.testng.remote.RemoteTestNG.run(RemoteTestNG.java:111)
	at org.testng.remote.RemoteTestNG.initAndRun(RemoteTestNG.java:204)
	at org.testng.remote.RemoteTestNG.main(RemoteTestNG.java:175)
</pre></div></td>
<td>10</td>
<td>bst.cpo.automation.dm.tests.RussTest@6dd5fb95</td></tr>
<tr>
<td title='bst.cpo.automation.dm.tests.RussTest.MyDocsTrash()'><b>MyDocsTrash</b><br>Test class: bst.cpo.automation.dm.tests.RussTest<br/>
<a href="#Output-2055825818" onClick='toggleBox("Output-2055825818", this, "Show output", "Hide output");'>Show output</a>

<a href="#Output-2055825818" onClick="toggleAllBoxes();">Show all outputs</a>
<div class='log' id="Output-2055825818">
Nav: Settings<br/>
Nav Tree Header = 'Settings'<br/>
Nav: Settings > My Docs Trash<br/>
Main Header = 'My docs trash'<br/>
Searching for 'Applesauce' in My log results<br/>
Did not find 'Applesauce' in results<br/>
Searching for 'abc123' in My log results<br/>
Did not find 'abc123' in results<br/>
xControl Enabled = false<br/>
Exception during test occurred : repeater(file in docsInTrash) didn't have any matching elements at this place in the DOM
For documentation on this error, please visit: http://seleniumhq.org/exceptions/no_such_element.html
Build info: version: '2.45.0', revision: '5017cb8e7ca8e37638dc3091b2440b90a1d8686f', time: '2015-02-27 09:10:26'
System info: host: 'SAT-DUL-RUSSELL', ip: '169.254.22.248', os.name: 'Windows 7', os.arch: 'amd64', os.version: '6.1', java.version: '1.7.0_71'
Driver info: driver.version: RemoteWebDriver<br/>
<br> <img src=screenshots\FAIL_Thu_Jun_11_09-09-43_CDT_2015_DM_QA2-Firefox.png /> <br><br/>
</div>
</td>
<td><div><pre>java.lang.AssertionError: null
	at bst.cpo.automation.dm.tests.RussTest.MyDocsTrash(RussTest.java:871)
... Removed 26 stack frames</pre></div><a href='#' onClick='toggleBox("stack-trace2055825818", this, "Click to show all stack frames", "Click to hide stack frames")'>Click to show all stack frames</a>
<div class='stack-trace' id='stack-trace2055825818'><pre>java.lang.AssertionError: null
	at org.testng.Assert.fail(Assert.java:94)
	at org.testng.Assert.fail(Assert.java:101)
	at bst.cpo.automation.dm.tests.RussTest.MyDocsTrash(RussTest.java:871)
	at sun.reflect.NativeMethodAccessorImpl.invoke0(Native Method)
	at sun.reflect.NativeMethodAccessorImpl.invoke(NativeMethodAccessorImpl.java:57)
	at sun.reflect.DelegatingMethodAccessorImpl.invoke(DelegatingMethodAccessorImpl.java:43)
	at java.lang.reflect.Method.invoke(Method.java:606)
	at org.testng.internal.MethodInvocationHelper.invokeMethod(MethodInvocationHelper.java:84)
	at org.testng.internal.Invoker.invokeMethod(Invoker.java:714)
	at org.testng.internal.Invoker.invokeTestMethod(Invoker.java:901)
	at org.testng.internal.Invoker.invokeTestMethods(Invoker.java:1231)
	at org.testng.internal.TestMethodWorker.invokeTestMethods(TestMethodWorker.java:127)
	at org.testng.internal.TestMethodWorker.run(TestMethodWorker.java:111)
	at org.testng.TestRunner.privateRun(TestRunner.java:767)
	at org.testng.TestRunner.run(TestRunner.java:617)
	at org.testng.SuiteRunner.runTest(SuiteRunner.java:334)
	at org.testng.SuiteRunner.runSequentially(SuiteRunner.java:329)
	at org.testng.SuiteRunner.privateRun(SuiteRunner.java:291)
	at org.testng.SuiteRunner.run(SuiteRunner.java:240)
	at org.testng.SuiteRunnerWorker.runSuite(SuiteRunnerWorker.java:52)
	at org.testng.SuiteRunnerWorker.run(SuiteRunnerWorker.java:86)
	at org.testng.TestNG.runSuitesSequentially(TestNG.java:1224)
	at org.testng.TestNG.runSuitesLocally(TestNG.java:1149)
	at org.testng.TestNG.run(TestNG.java:1057)
	at org.testng.remote.RemoteTestNG.run(RemoteTestNG.java:111)
	at org.testng.remote.RemoteTestNG.initAndRun(RemoteTestNG.java:204)
	at org.testng.remote.RemoteTestNG.main(RemoteTestNG.java:175)
</pre></div></td>
<td>2</td>
<td>bst.cpo.automation.dm.tests.RussTest@6dd5fb95</td></tr>
<tr>
<td title='bst.cpo.automation.dm.tests.RussTest.Send_Link()'><b>Send_Link</b><br>Test class: bst.cpo.automation.dm.tests.RussTest<br/>
<a href="#Output-1995243231" onClick='toggleBox("Output-1995243231", this, "Show output", "Hide output");'>Show output</a>

<a href="#Output-1995243231" onClick="toggleAllBoxes();">Show all outputs</a>
<div class='log' id="Output-1995243231">
Nav Tree Header = 'My docs'<br/>
Nav: Home<br/>
Nav Tree Header = 'Home'<br/>
Nav: My Docs<br/>
Nav Tree Header = 'My docs'<br/>
Did not find 'File1.txt'.  It may be on another page or does not exist.<br/>
WARNING: Is_Send_Link_Active called for 'File1.txt', but table row not found.  May not exist, or is on another page.<br/>
Get: Active Send Link for File1.txt = false<br/>
send link panel displayed=false<br/>
Nav: Clicking Send Link for 'File1.txt'<br/>
Did not find 'File1.txt'.  It may be on another page or does not exist.<br/>
WARNING: Send_Link_Click called for 'File1.txt', but table row not found.  May not exist, or is on another page.<br/>
send link panel displayed=false<br/>
Get: File/Folder = <br/>
Set: Link(s) will expire in = '7 days'<br/>
Exception during test occurred : Element is not currently visible and so may not be interacted with
Command duration or timeout: 7.07 seconds
Build info: version: '2.45.0', revision: '5017cb8e7ca8e37638dc3091b2440b90a1d8686f', time: '2015-02-27 09:10:26'
System info: host: 'SAT-DUL-RUSSELL', ip: '169.254.22.248', os.name: 'Windows 7', os.arch: 'amd64', os.version: '6.1', java.version: '1.7.0_71'
Session ID: 87562804-71ee-486a-9147-f23cb434974f
Driver info: org.openqa.selenium.firefox.FirefoxDriver
Capabilities [{platform=WINDOWS, acceptSslCerts=true, javascriptEnabled=true, cssSelectorsEnabled=true, databaseEnabled=true, browserName=firefox, handlesAlerts=true, nativeEvents=true, webStorageEnabled=true, rotatable=false, locationContextEnabled=true, applicationCacheEnabled=true, takesScreenshot=true, version=34.0.5}]<br/>
<br> <img src=screenshots\FAIL_Thu_Jun_11_09-10-06_CDT_2015_DM_QA2-Firefox.png /> <br><br/>
</div>
</td>
<td><div><pre>java.lang.AssertionError: null
	at bst.cpo.automation.dm.tests.RussTest.Send_Link(RussTest.java:945)
... Removed 26 stack frames</pre></div><a href='#' onClick='toggleBox("stack-trace1995243231", this, "Click to show all stack frames", "Click to hide stack frames")'>Click to show all stack frames</a>
<div class='stack-trace' id='stack-trace1995243231'><pre>java.lang.AssertionError: null
	at org.testng.Assert.fail(Assert.java:94)
	at org.testng.Assert.fail(Assert.java:101)
	at bst.cpo.automation.dm.tests.RussTest.Send_Link(RussTest.java:945)
	at sun.reflect.NativeMethodAccessorImpl.invoke0(Native Method)
	at sun.reflect.NativeMethodAccessorImpl.invoke(NativeMethodAccessorImpl.java:57)
	at sun.reflect.DelegatingMethodAccessorImpl.invoke(DelegatingMethodAccessorImpl.java:43)
	at java.lang.reflect.Method.invoke(Method.java:606)
	at org.testng.internal.MethodInvocationHelper.invokeMethod(MethodInvocationHelper.java:84)
	at org.testng.internal.Invoker.invokeMethod(Invoker.java:714)
	at org.testng.internal.Invoker.invokeTestMethod(Invoker.java:901)
	at org.testng.internal.Invoker.invokeTestMethods(Invoker.java:1231)
	at org.testng.internal.TestMethodWorker.invokeTestMethods(TestMethodWorker.java:127)
	at org.testng.internal.TestMethodWorker.run(TestMethodWorker.java:111)
	at org.testng.TestRunner.privateRun(TestRunner.java:767)
	at org.testng.TestRunner.run(TestRunner.java:617)
	at org.testng.SuiteRunner.runTest(SuiteRunner.java:334)
	at org.testng.SuiteRunner.runSequentially(SuiteRunner.java:329)
	at org.testng.SuiteRunner.privateRun(SuiteRunner.java:291)
	at org.testng.SuiteRunner.run(SuiteRunner.java:240)
	at org.testng.SuiteRunnerWorker.runSuite(SuiteRunnerWorker.java:52)
	at org.testng.SuiteRunnerWorker.run(SuiteRunnerWorker.java:86)
	at org.testng.TestNG.runSuitesSequentially(TestNG.java:1224)
	at org.testng.TestNG.runSuitesLocally(TestNG.java:1149)
	at org.testng.TestNG.run(TestNG.java:1057)
	at org.testng.remote.RemoteTestNG.run(RemoteTestNG.java:111)
	at org.testng.remote.RemoteTestNG.initAndRun(RemoteTestNG.java:204)
	at org.testng.remote.RemoteTestNG.main(RemoteTestNG.java:175)
</pre></div></td>
<td>9</td>
<td>bst.cpo.automation.dm.tests.RussTest@6dd5fb95</td></tr>
<tr>
<td title='bst.cpo.automation.dm.tests.RussTest.Sync_Computers()'><b>Sync_Computers</b><br>Test class: bst.cpo.automation.dm.tests.RussTest<br/>
<a href="#Output-1052570387" onClick='toggleBox("Output-1052570387", this, "Show output", "Hide output");'>Show output</a>

<a href="#Output-1052570387" onClick="toggleAllBoxes();">Show all outputs</a>
<div class='log' id="Output-1052570387">
Nav: Settings<br/>
Nav Tree Header = 'Settings'<br/>
Nav: Settings > Sync Computers<br/>
Main Header = 'Sync computers
Computers that are synced with licensed account'<br/>
Exception during test occurred : Unable to locate element: {"method":"xpath","selector":"//*[@id='app']/div/div[4]/div/div/div[2]/div[1]/form/table/tbody/tr/td[3]/input"}
Command duration or timeout: 7.13 seconds
For documentation on this error, please visit: http://seleniumhq.org/exceptions/no_such_element.html
Build info: version: '2.45.0', revision: '5017cb8e7ca8e37638dc3091b2440b90a1d8686f', time: '2015-02-27 09:10:26'
System info: host: 'SAT-DUL-RUSSELL', ip: '169.254.22.248', os.name: 'Windows 7', os.arch: 'amd64', os.version: '6.1', java.version: '1.7.0_71'
*** Element info: {Using=xpath, value=//*[@id='app']/div/div[4]/div/div/div[2]/div[1]/form/table/tbody/tr/td[3]/input}
Session ID: 87562804-71ee-486a-9147-f23cb434974f
Driver info: org.openqa.selenium.firefox.FirefoxDriver
Capabilities [{platform=WINDOWS, acceptSslCerts=true, javascriptEnabled=true, cssSelectorsEnabled=true, databaseEnabled=true, browserName=firefox, handlesAlerts=true, nativeEvents=true, webStorageEnabled=true, rotatable=false, locationContextEnabled=true, applicationCacheEnabled=true, takesScreenshot=true, version=34.0.5}]<br/>
<br> <img src=screenshots\FAIL_Thu_Jun_11_09-09-12_CDT_2015_DM_QA2-Firefox.png /> <br><br/>
</div>
</td>
<td><div><pre>java.lang.AssertionError: null
	at bst.cpo.automation.dm.tests.RussTest.Sync_Computers(RussTest.java:629)
... Removed 26 stack frames</pre></div><a href='#' onClick='toggleBox("stack-trace1052570387", this, "Click to show all stack frames", "Click to hide stack frames")'>Click to show all stack frames</a>
<div class='stack-trace' id='stack-trace1052570387'><pre>java.lang.AssertionError: null
	at org.testng.Assert.fail(Assert.java:94)
	at org.testng.Assert.fail(Assert.java:101)
	at bst.cpo.automation.dm.tests.RussTest.Sync_Computers(RussTest.java:629)
	at sun.reflect.NativeMethodAccessorImpl.invoke0(Native Method)
	at sun.reflect.NativeMethodAccessorImpl.invoke(NativeMethodAccessorImpl.java:57)
	at sun.reflect.DelegatingMethodAccessorImpl.invoke(DelegatingMethodAccessorImpl.java:43)
	at java.lang.reflect.Method.invoke(Method.java:606)
	at org.testng.internal.MethodInvocationHelper.invokeMethod(MethodInvocationHelper.java:84)
	at org.testng.internal.Invoker.invokeMethod(Invoker.java:714)
	at org.testng.internal.Invoker.invokeTestMethod(Invoker.java:901)
	at org.testng.internal.Invoker.invokeTestMethods(Invoker.java:1231)
	at org.testng.internal.TestMethodWorker.invokeTestMethods(TestMethodWorker.java:127)
	at org.testng.internal.TestMethodWorker.run(TestMethodWorker.java:111)
	at org.testng.TestRunner.privateRun(TestRunner.java:767)
	at org.testng.TestRunner.run(TestRunner.java:617)
	at org.testng.SuiteRunner.runTest(SuiteRunner.java:334)
	at org.testng.SuiteRunner.runSequentially(SuiteRunner.java:329)
	at org.testng.SuiteRunner.privateRun(SuiteRunner.java:291)
	at org.testng.SuiteRunner.run(SuiteRunner.java:240)
	at org.testng.SuiteRunnerWorker.runSuite(SuiteRunnerWorker.java:52)
	at org.testng.SuiteRunnerWorker.run(SuiteRunnerWorker.java:86)
	at org.testng.TestNG.runSuitesSequentially(TestNG.java:1224)
	at org.testng.TestNG.runSuitesLocally(TestNG.java:1149)
	at org.testng.TestNG.run(TestNG.java:1057)
	at org.testng.remote.RemoteTestNG.run(RemoteTestNG.java:111)
	at org.testng.remote.RemoteTestNG.initAndRun(RemoteTestNG.java:204)
	at org.testng.remote.RemoteTestNG.main(RemoteTestNG.java:175)
</pre></div></td>
<td>8</td>
<td>bst.cpo.automation.dm.tests.RussTest@6dd5fb95</td></tr>
<tr>
<td title='bst.cpo.automation.dm.tests.RussTest.User()'><b>User</b><br>Test class: bst.cpo.automation.dm.tests.RussTest<br/>
<a href="#Output-729288058" onClick='toggleBox("Output-729288058", this, "Show output", "Hide output");'>Show output</a>

<a href="#Output-729288058" onClick="toggleAllBoxes();">Show all outputs</a>
<div class='log' id="Output-729288058">
Nav: Settings<br/>
Nav Tree Header = 'Settings'<br/>
Nav: Settings > Users<br/>
Looking for the Users Link<br/>
Main Header = 'Users'<br/>
Nav: Settings > Users<br/>
Looking for the Users Link<br/>
Main Header = 'Users'<br/>
Opening Search for users drop down<br/>
Searching for user rt9user91<br/>
Exception during test occurred : Element is not currently visible and so may not be interacted with
Command duration or timeout: 7.15 seconds
Build info: version: '2.45.0', revision: '5017cb8e7ca8e37638dc3091b2440b90a1d8686f', time: '2015-02-27 09:10:26'
System info: host: 'SAT-DUL-RUSSELL', ip: '169.254.22.248', os.name: 'Windows 7', os.arch: 'amd64', os.version: '6.1', java.version: '1.7.0_71'
Session ID: 87562804-71ee-486a-9147-f23cb434974f
Driver info: org.openqa.selenium.firefox.FirefoxDriver
Capabilities [{platform=WINDOWS, acceptSslCerts=true, javascriptEnabled=true, cssSelectorsEnabled=true, databaseEnabled=true, browserName=firefox, handlesAlerts=true, nativeEvents=true, webStorageEnabled=true, rotatable=false, locationContextEnabled=true, applicationCacheEnabled=true, takesScreenshot=true, version=34.0.5}]<br/>
<br> <img src=screenshots\FAIL_Thu_Jun_11_09-09-24_CDT_2015_DM_QA2-Firefox.png /> <br><br/>
</div>
</td>
<td><div><pre>java.lang.AssertionError: null
	at bst.cpo.automation.dm.actions.User_Actions.Search_For_User(User_Actions.java:63)
	at bst.cpo.automation.dm.tests.RussTest.User(RussTest.java:704)
... Removed 26 stack frames</pre></div><a href='#' onClick='toggleBox("stack-trace729288058", this, "Click to show all stack frames", "Click to hide stack frames")'>Click to show all stack frames</a>
<div class='stack-trace' id='stack-trace729288058'><pre>java.lang.AssertionError: null
	at org.testng.Assert.fail(Assert.java:94)
	at org.testng.Assert.fail(Assert.java:101)
	at bst.cpo.automation.dm.actions.User_Actions.Search_For_User(User_Actions.java:63)
	at bst.cpo.automation.dm.tests.RussTest.User(RussTest.java:704)
	at sun.reflect.NativeMethodAccessorImpl.invoke0(Native Method)
	at sun.reflect.NativeMethodAccessorImpl.invoke(NativeMethodAccessorImpl.java:57)
	at sun.reflect.DelegatingMethodAccessorImpl.invoke(DelegatingMethodAccessorImpl.java:43)
	at java.lang.reflect.Method.invoke(Method.java:606)
	at org.testng.internal.MethodInvocationHelper.invokeMethod(MethodInvocationHelper.java:84)
	at org.testng.internal.Invoker.invokeMethod(Invoker.java:714)
	at org.testng.internal.Invoker.invokeTestMethod(Invoker.java:901)
	at org.testng.internal.Invoker.invokeTestMethods(Invoker.java:1231)
	at org.testng.internal.TestMethodWorker.invokeTestMethods(TestMethodWorker.java:127)
	at org.testng.internal.TestMethodWorker.run(TestMethodWorker.java:111)
	at org.testng.TestRunner.privateRun(TestRunner.java:767)
	at org.testng.TestRunner.run(TestRunner.java:617)
	at org.testng.SuiteRunner.runTest(SuiteRunner.java:334)
	at org.testng.SuiteRunner.runSequentially(SuiteRunner.java:329)
	at org.testng.SuiteRunner.privateRun(SuiteRunner.java:291)
	at org.testng.SuiteRunner.run(SuiteRunner.java:240)
	at org.testng.SuiteRunnerWorker.runSuite(SuiteRunnerWorker.java:52)
	at org.testng.SuiteRunnerWorker.run(SuiteRunnerWorker.java:86)
	at org.testng.TestNG.runSuitesSequentially(TestNG.java:1224)
	at org.testng.TestNG.runSuitesLocally(TestNG.java:1149)
	at org.testng.TestNG.run(TestNG.java:1057)
	at org.testng.remote.RemoteTestNG.run(RemoteTestNG.java:111)
	at org.testng.remote.RemoteTestNG.initAndRun(RemoteTestNG.java:204)
	at org.testng.remote.RemoteTestNG.main(RemoteTestNG.java:175)
</pre></div></td>
<td>11</td>
<td>bst.cpo.automation.dm.tests.RussTest@6dd5fb95</td></tr>
</table><p>
<table width='100%' border='1' class='invocation-passed'>
<tr><td colspan='4' align='center'><b>PASSED TESTS</b></td></tr>
<tr><td><b>Test method</b></td>
<td width="30%"><b>Exception</b></td>
<td width="10%"><b>Time (seconds)</b></td>
<td><b>Instance</b></td>
</tr>
<tr>
<td title='bst.cpo.automation.dm.tests.RussTest.Add_Folder()'><b>Add_Folder</b><br>Test class: bst.cpo.automation.dm.tests.RussTest<br/>
<a href="#Output-2095014690" onClick='toggleBox("Output-2095014690", this, "Show output", "Hide output");'>Show output</a>

<a href="#Output-2095014690" onClick="toggleAllBoxes();">Show all outputs</a>
<div class='log' id="Output-2095014690">
Nav Tree Header = 'Settings'<br/>
Nav: My Docs<br/>
Nav Tree Header = 'My docs'<br/>
Nav: Add a new folder<br/>
Closing New Folder panel<br/>
Nav: Add a new folder<br/>
Create Button disabled<br/>
Setting Folder Name = 'testing'<br/>
Create Button enabled<br/>
Setting Folder Description = 'description testing'<br/>
Setting Folder Doc Type = 'Resume'<br/>
Submitting - 'Create'<br/>
Nav: Import a file<br/>
Import Button disabled<br/>
Setting Choose file = 'C:\Users\Public\Pictures\Sample Pictures\Koala.jpg'<br/>
Sending: 'C:\Users\Public\Pictures\Sample Pictures\Koala.jpg'<br/>
Import Button enabled<br/>
Closing Import File panel<br/>
</div>
</td>
<td></td>
<td>12</td>
<td>bst.cpo.automation.dm.tests.RussTest@6dd5fb95</td></tr>
<tr>
<td title='bst.cpo.automation.dm.tests.RussTest.Advanced_Search()'><b>Advanced_Search</b><br>Test class: bst.cpo.automation.dm.tests.RussTest<br/>
<a href="#Output-1940347453" onClick='toggleBox("Output-1940347453", this, "Show output", "Hide output");'>Show output</a>

<a href="#Output-1940347453" onClick="toggleAllBoxes();">Show all outputs</a>
<div class='log' id="Output-1940347453">
Nav: Home<br/>
Nav Tree Header = 'Home'<br/>
Nav: Advanced Search<br/>
Nav Tree Header = 'Advanced search'<br/>
Set: Full text = 'FullText'<br/>
Set: Title = 'TitleText'<br/>
Set: Description = 'DescText'<br/>
Set: Created Start Date = '4/11/15'<br/>
Set: Created End Date = '4/17/15'<br/>
Set: Modified Start Date = '4/10/15'<br/>
Set: Modified End Date = '4/18/15'<br/>
Set: File Creator = 'rt9user91'<br/>
IncludeDeleted=No<br/>
Set: Include delete documents to 'Yes'<br/>
IncludeDeleted=Yes<br/>
Submit: Clicking 'Go'<br/>
EmptyResult=false<br/>
Get: FullText=FullText<br/>
Get: Title=TitleText<br/>
Get: Description=DescText<br/>
Get: StartDate=4/11/15<br/>
Get: Creator=<br/>
Get: IndexField=Resume<br/>
Clearing search fields.<br/>
Set: Full text = 'tulips'<br/>
Submit: Clicking 'Go'<br/>
No documents match your search criteria<br/>
</div>
</td>
<td></td>
<td>15</td>
<td>bst.cpo.automation.dm.tests.RussTest@6dd5fb95</td></tr>
<tr>
<td title='bst.cpo.automation.dm.tests.RussTest.Capture_Msg()'><b>Capture_Msg</b><br>Test class: bst.cpo.automation.dm.tests.RussTest<br/>
<a href="#Output-2024151390" onClick='toggleBox("Output-2024151390", this, "Show output", "Hide output");'>Show output</a>

<a href="#Output-2024151390" onClick="toggleAllBoxes();">Show all outputs</a>
<div class='log' id="Output-2024151390">
Nav Tree Header = 'My docs'<br/>
Nav: Home<br/>
Nav Tree Header = 'Home'<br/>
Nav: My Docs<br/>
Nav Tree Header = 'My docs'<br/>
popup shown=false<br/>
Did not find 'File1.txt'.  It may be on another page or does not exist.<br/>
WARNING: Select_File_Folder called for 'File1.txt', but table row not found.  May not exist, or is on another page.<br/>
popup shown=false<br/>
WARNING: No copy confirmation found.<br/>
</div>
</td>
<td></td>
<td>25</td>
<td>bst.cpo.automation.dm.tests.RussTest@6dd5fb95</td></tr>
<tr>
<td title='bst.cpo.automation.dm.tests.RussTest.Login_User_1()'><b>Login_User_1</b><br>Test class: bst.cpo.automation.dm.tests.RussTest<br/>
<a href="#Output-1018236292" onClick='toggleBox("Output-1018236292", this, "Show output", "Hide output");'>Show output</a>

<a href="#Output-1018236292" onClick="toggleAllBoxes();">Show all outputs</a>
<div class='log' id="Output-1018236292">
TestNG Login Test<br/>
***** Starting Test: <br/>
Attempting to log in user: rt9User90<br/>
</div>
</td>
<td></td>
<td>17</td>
<td>bst.cpo.automation.dm.tests.RussTest@6dd5fb95</td></tr>
<tr>
<td title='bst.cpo.automation.dm.tests.RussTest.My_Log()'><b>My_Log</b><br>Test class: bst.cpo.automation.dm.tests.RussTest<br/>
<a href="#Output-2038415701" onClick='toggleBox("Output-2038415701", this, "Show output", "Hide output");'>Show output</a>

<a href="#Output-2038415701" onClick="toggleAllBoxes();">Show all outputs</a>
<div class='log' id="Output-2038415701">
Nav: Settings<br/>
Nav Tree Header = 'Settings'<br/>
Nav: Settings > My Log<br/>
Main Header = 'My log'<br/>
Filter enabled=false<br/>
Setting Start date to '2015-04-27'<br/>
Filter enabled=false<br/>
Setting End date to '2015-04-30'<br/>
Filter enabled=true<br/>
Clicking 'Filter' button.<br/>
Searching for 'Applesauce' in My log results<br/>
Did not find 'Applesauce' in results<br/>
Searching for 'YippieKaiYeah' in My log results<br/>
Did not find 'YippieKaiYeah' in results<br/>
Clicking 'Clear' button.<br/>
Filter enabled=false<br/>
</div>
</td>
<td></td>
<td>11</td>
<td>bst.cpo.automation.dm.tests.RussTest@6dd5fb95</td></tr>
<tr>
<td title='bst.cpo.automation.dm.tests.RussTest.My_Profile()'><b>My_Profile</b><br>Test class: bst.cpo.automation.dm.tests.RussTest<br/>
<a href="#Output-633606821" onClick='toggleBox("Output-633606821", this, "Show output", "Hide output");'>Show output</a>

<a href="#Output-633606821" onClick="toggleAllBoxes();">Show all outputs</a>
<div class='log' id="Output-633606821">
Nav: Settings<br/>
Nav Tree Header = 'Settings'<br/>
Nav: Settings > My Profile<br/>
Main Header = 'My profile'<br/>
Selecting language 'French'<br/>
Clicking 'Select Language' button<br/>
Selecting language 'English'<br/>
Clicking 'Select Language' button<br/>
Language settings
English
French
Select Language<br/>
===========<br/>
(0)=Language settings
English
French
Select Language<br/>
(1)=Full Name rt9user90 US QA<br/>
(2)=Sign-in Name 30813<br/>
(3)=Picture/Avatar<br/>
Save Enabled =false<br/>
Cancel Enabled =false<br/>
Get: First name='rt9user90'<br/>
Get: Last name='rt9user90'<br/>
</div>
</td>
<td></td>
<td>5</td>
<td>bst.cpo.automation.dm.tests.RussTest@6dd5fb95</td></tr>
<tr>
<td title='bst.cpo.automation.dm.tests.RussTest.Navigation_Test()'><b>Navigation_Test</b><br>Test class: bst.cpo.automation.dm.tests.RussTest<br/>
<a href="#Output-724090274" onClick='toggleBox("Output-724090274", this, "Show output", "Hide output");'>Show output</a>

<a href="#Output-724090274" onClick="toggleAllBoxes();">Show all outputs</a>
<div class='log' id="Output-724090274">
Starting Navigation_Test<br/>
Navigation_Test<br/>
Visiting all side navigation links<br/>
Nav: My Docs<br/>
Nav Tree Header = 'My docs'<br/>
Nav: Other Docs<br/>
Nav Tree Header = 'Others Docs'<br/>
Nav: Guest Folder<br/>
Nav Tree Header = 'Guest folder'<br/>
Nav: Settings<br/>
Nav Tree Header = 'Settings'<br/>
Nav: Home<br/>
Nav Tree Header = 'Home'<br/>
Nav: Settings<br/>
Nav Tree Header = 'Settings'<br/>
Nav: Settings > Users<br/>
Looking for the Users Link<br/>
Main Header = 'Users'<br/>
Opening Search for users drop down<br/>
Searching for user rt9user90<br/>
Displaying User Search Results<br/>
Username:
30813
First name:
rt9user90
Last name:
US QA
Email:
rt1users@sla-engineering.com.test
Company:
Tenant ID:
$SLA Rush Test 9
Groups for this user:<br/>
Nav: Settings > My Profile<br/>
Main Header = 'My profile'<br/>
Language settings
English
French
Select Language<br/>
===========<br/>
(0)=Language settings
English
French
Select Language<br/>
(1)=Full Name rt9user90 US QA<br/>
(2)=Sign-in Name 30813<br/>
(3)=Picture/Avatar<br/>
</div>
</td>
<td></td>
<td>11</td>
<td>bst.cpo.automation.dm.tests.RussTest@6dd5fb95</td></tr>
<tr>
<td title='bst.cpo.automation.dm.tests.RussTest.Recently_UpdatedDocs_Test()'><b>Recently_UpdatedDocs_Test</b><br>Test class: bst.cpo.automation.dm.tests.RussTest<br/>
<a href="#Output-758104060" onClick='toggleBox("Output-758104060", this, "Show output", "Hide output");'>Show output</a>

<a href="#Output-758104060" onClick="toggleAllBoxes();">Show all outputs</a>
<div class='log' id="Output-758104060">
Nav: Home<br/>
Nav Tree Header = 'Home'<br/>
Results Count Found: <br/>
Number of results: <br/>
Page Count: <br/>
Total Pages: <br/>
Page Count is visible: false<br/>
***Russ FolderDocs_Zone_DisplayContents for:RecentlyUpdatedDocsCtrl<br/>
***Russ FolderDocs_Zone_DisplayContents for:RecentlyUpdatedDocsCtrl<br/>
Contents: My docs
No recently updated documents at the moment<br/>
***Russ FolderDocs_Zone_DisplayContents for:RecentlyUpdatedDocsCtrl<br/>
</div>
</td>
<td></td>
<td>2</td>
<td>bst.cpo.automation.dm.tests.RussTest@6dd5fb95</td></tr>
<tr>
<td title='bst.cpo.automation.dm.tests.RussTest.Recently_UpdatedFolder_Test()'><b>Recently_UpdatedFolder_Test</b><br>Test class: bst.cpo.automation.dm.tests.RussTest<br/>
<a href="#Output-975813494" onClick='toggleBox("Output-975813494", this, "Show output", "Hide output");'>Show output</a>

<a href="#Output-975813494" onClick="toggleAllBoxes();">Show all outputs</a>
<div class='log' id="Output-975813494">
Starting Recently_UpdatedFolder_Test<br/>
Results Count Found: <br/>
Number of results: <br/>
Page Count: <br/>
Total Pages: <br/>
Page Count is visible: false<br/>
***Russ FolderDocs_Zone_DisplayContents for:RecentlyUpdatedFoldersCtrl<br/>
***Russ FolderDocs_Zone_DisplayContents for:RecentlyUpdatedFoldersCtrl<br/>
Contents: My folders
No recently updated folders at the moment<br/>
***Russ FolderDocs_Zone_DisplayContents for:RecentlyUpdatedFoldersCtrl<br/>
</div>
</td>
<td></td>
<td>1</td>
<td>bst.cpo.automation.dm.tests.RussTest@6dd5fb95</td></tr>
<tr>
<td title='bst.cpo.automation.dm.tests.RussTest.Recently_UpdatedOther_Test()'><b>Recently_UpdatedOther_Test</b><br>Test class: bst.cpo.automation.dm.tests.RussTest<br/>
<a href="#Output-239679632" onClick='toggleBox("Output-239679632", this, "Show output", "Hide output");'>Show output</a>

<a href="#Output-239679632" onClick="toggleAllBoxes();">Show all outputs</a>
<div class='log' id="Output-239679632">
Starting Recently_UpdatedOther_Test<br/>
Results Count Found: <br/>
Number of results: <br/>
Page Count: <br/>
Total Pages: <br/>
Page Count is visible: false<br/>
***Russ FolderDocs_Zone_DisplayContents for:RecentlyUpdatedOthersDocsCtrl<br/>
***Russ FolderDocs_Zone_DisplayContents for:RecentlyUpdatedOthersDocsCtrl<br/>
Contents: Others docs
No others recently updated documents at the moment<br/>
***Russ FolderDocs_Zone_DisplayContents for:RecentlyUpdatedOthersDocsCtrl<br/>
</div>
</td>
<td></td>
<td>1</td>
<td>bst.cpo.automation.dm.tests.RussTest@6dd5fb95</td></tr>
<tr>
<td title='bst.cpo.automation.dm.tests.RussTest.Recently_Updated_Test()'><b>Recently_Updated_Test</b><br>Test class: bst.cpo.automation.dm.tests.RussTest<br/>
<a href="#Output-1135282530" onClick='toggleBox("Output-1135282530", this, "Show output", "Hide output");'>Show output</a>

<a href="#Output-1135282530" onClick="toggleAllBoxes();">Show all outputs</a>
<div class='log' id="Output-1135282530">
Starting Recently_Updated_Test<br/>
***Russ myRecentDocs.Zone<br/>
Results Count Found: <br/>
Number of results: <br/>
Page Count: <br/>
Total Pages: <br/>
Page Count is visible: false<br/>
***Russ FolderDocs_Zone_DisplayContents for:RecentlyUpdatedDocsCtrl<br/>
***Russ FolderDocs_Zone_DisplayContents for:RecentlyUpdatedDocsCtrl<br/>
Contents: My docs
No recently updated documents at the moment<br/>
***Russ FolderDocs_Zone_DisplayContents for:RecentlyUpdatedDocsCtrl<br/>
***Russ myRecentFolders.Zone<br/>
Results Count Found: <br/>
Number of results: <br/>
Page Count: <br/>
Total Pages: <br/>
Page Count is visible: false<br/>
***Russ FolderDocs_Zone_DisplayContents for:RecentlyUpdatedFoldersCtrl<br/>
***Russ FolderDocs_Zone_DisplayContents for:RecentlyUpdatedFoldersCtrl<br/>
Contents: My folders
No recently updated folders at the moment<br/>
***Russ FolderDocs_Zone_DisplayContents for:RecentlyUpdatedFoldersCtrl<br/>
***Russ otherRecentDocs.Zone<br/>
Results Count Found: <br/>
Number of results: <br/>
Page Count: <br/>
Total Pages: <br/>
Page Count is visible: false<br/>
***Russ FolderDocs_Zone_DisplayContents for:RecentlyUpdatedOthersDocsCtrl<br/>
***Russ FolderDocs_Zone_DisplayContents for:RecentlyUpdatedOthersDocsCtrl<br/>
Contents: Others docs
No others recently updated documents at the moment<br/>
***Russ FolderDocs_Zone_DisplayContents for:RecentlyUpdatedOthersDocsCtrl<br/>
</div>
</td>
<td></td>
<td>4</td>
<td>bst.cpo.automation.dm.tests.RussTest@6dd5fb95</td></tr>
<tr>
<td title='bst.cpo.automation.dm.tests.RussTest.Simple_Search()'><b>Simple_Search</b><br>Test class: bst.cpo.automation.dm.tests.RussTest<br/>
<a href="#Output-1977065046" onClick='toggleBox("Output-1977065046", this, "Show output", "Hide output");'>Show output</a>

<a href="#Output-1977065046" onClick="toggleAllBoxes();">Show all outputs</a>
<div class='log' id="Output-1977065046">
Submit: Simple Search for 'abc'<br/>
No documents match your search criteria<br/>
</div>
</td>
<td></td>
<td>2</td>
<td>bst.cpo.automation.dm.tests.RussTest@6dd5fb95</td></tr>
</table><p>
</body>
</html>